{"/Users/lpatiny/git/mljs/xsadd/benchmark/index.js": {"path":"/Users/lpatiny/git/mljs/xsadd/benchmark/index.js","all":true,"statementMap":{"0":{"start":{"line":1,"column":0},"end":{"line":1,"column":40}},"1":{"start":{"line":2,"column":0},"end":{"line":2,"column":0}},"2":{"start":{"line":3,"column":0},"end":{"line":3,"column":49}},"3":{"start":{"line":4,"column":0},"end":{"line":4,"column":0}},"4":{"start":{"line":5,"column":0},"end":{"line":5,"column":28}},"5":{"start":{"line":6,"column":0},"end":{"line":6,"column":0}},"6":{"start":{"line":7,"column":0},"end":{"line":7,"column":15}},"7":{"start":{"line":8,"column":0},"end":{"line":8,"column":31}},"8":{"start":{"line":9,"column":0},"end":{"line":9,"column":26}},"9":{"start":{"line":10,"column":0},"end":{"line":10,"column":1}},"10":{"start":{"line":11,"column":0},"end":{"line":11,"column":20}},"11":{"start":{"line":12,"column":0},"end":{"line":12,"column":31}},"12":{"start":{"line":13,"column":0},"end":{"line":13,"column":20}},"13":{"start":{"line":14,"column":0},"end":{"line":14,"column":0}},"14":{"start":{"line":15,"column":0},"end":{"line":15,"column":29}},"15":{"start":{"line":16,"column":0},"end":{"line":16,"column":16}},"16":{"start":{"line":17,"column":0},"end":{"line":17,"column":26}},"17":{"start":{"line":18,"column":0},"end":{"line":18,"column":31}},"18":{"start":{"line":19,"column":0},"end":{"line":19,"column":29}},"19":{"start":{"line":20,"column":0},"end":{"line":20,"column":1}},"20":{"start":{"line":21,"column":0},"end":{"line":21,"column":21}},"21":{"start":{"line":22,"column":0},"end":{"line":22,"column":32}}},"s":{"0":0,"1":0,"2":0,"3":0,"4":0,"5":0,"6":0,"7":0,"8":0,"9":0,"10":0,"11":0,"12":0,"13":0,"14":0,"15":0,"16":0,"17":0,"18":0,"19":0,"20":0,"21":0},"branchMap":{"0":{"type":"branch","line":1,"loc":{"start":{"line":1,"column":467},"end":{"line":22,"column":32}},"locations":[{"start":{"line":1,"column":467},"end":{"line":22,"column":32}}]}},"b":{"0":[0]},"fnMap":{"0":{"name":"(empty-report)","decl":{"start":{"line":1,"column":467},"end":{"line":22,"column":32}},"loc":{"start":{"line":1,"column":467},"end":{"line":22,"column":32}},"line":1}},"f":{"0":0}}
,"/Users/lpatiny/git/mljs/xsadd/src/XSadd.ts": {"path":"/Users/lpatiny/git/mljs/xsadd/src/XSadd.ts","all":false,"statementMap":{"0":{"start":{"line":1,"column":0},"end":{"line":1,"column":15}},"1":{"start":{"line":2,"column":0},"end":{"line":2,"column":31}},"3":{"start":{"line":4,"column":0},"end":{"line":4,"column":15}},"4":{"start":{"line":5,"column":0},"end":{"line":5,"column":15}},"5":{"start":{"line":6,"column":0},"end":{"line":6,"column":15}},"7":{"start":{"line":8,"column":0},"end":{"line":8,"column":47}},"8":{"start":{"line":9,"column":0},"end":{"line":9,"column":11}},"9":{"start":{"line":10,"column":0},"end":{"line":10,"column":11}},"10":{"start":{"line":11,"column":0},"end":{"line":11,"column":25}},"11":{"start":{"line":12,"column":0},"end":{"line":12,"column":22}},"12":{"start":{"line":13,"column":0},"end":{"line":13,"column":45}},"13":{"start":{"line":14,"column":0},"end":{"line":14,"column":1}},"15":{"start":{"line":16,"column":0},"end":{"line":16,"column":20}},"16":{"start":{"line":17,"column":0},"end":{"line":17,"column":30}},"18":{"start":{"line":19,"column":0},"end":{"line":19,"column":29}},"24":{"start":{"line":25,"column":0},"end":{"line":25,"column":34}},"25":{"start":{"line":26,"column":0},"end":{"line":26,"column":36}},"26":{"start":{"line":27,"column":0},"end":{"line":27,"column":20}},"27":{"start":{"line":28,"column":0},"end":{"line":28,"column":43}},"28":{"start":{"line":29,"column":0},"end":{"line":29,"column":3}},"33":{"start":{"line":34,"column":0},"end":{"line":34,"column":22}},"34":{"start":{"line":35,"column":0},"end":{"line":35,"column":21}},"35":{"start":{"line":36,"column":0},"end":{"line":36,"column":49}},"36":{"start":{"line":37,"column":0},"end":{"line":37,"column":3}},"41":{"start":{"line":42,"column":0},"end":{"line":42,"column":21}},"42":{"start":{"line":43,"column":0},"end":{"line":43,"column":48}},"43":{"start":{"line":44,"column":0},"end":{"line":44,"column":3}},"45":{"start":{"line":46,"column":0},"end":{"line":46,"column":29}},"46":{"start":{"line":47,"column":0},"end":{"line":47,"column":34}},"47":{"start":{"line":48,"column":0},"end":{"line":48,"column":53}},"48":{"start":{"line":49,"column":0},"end":{"line":49,"column":5}},"49":{"start":{"line":50,"column":0},"end":{"line":50,"column":25}},"50":{"start":{"line":51,"column":0},"end":{"line":51,"column":22}},"51":{"start":{"line":52,"column":0},"end":{"line":52,"column":22}},"52":{"start":{"line":53,"column":0},"end":{"line":53,"column":22}},"53":{"start":{"line":54,"column":0},"end":{"line":54,"column":36}},"54":{"start":{"line":55,"column":0},"end":{"line":55,"column":26}},"55":{"start":{"line":56,"column":0},"end":{"line":56,"column":12}},"56":{"start":{"line":57,"column":0},"end":{"line":57,"column":25}},"57":{"start":{"line":58,"column":0},"end":{"line":58,"column":23}},"58":{"start":{"line":59,"column":0},"end":{"line":59,"column":78}},"59":{"start":{"line":60,"column":0},"end":{"line":60,"column":16}},"60":{"start":{"line":61,"column":0},"end":{"line":61,"column":10}},"61":{"start":{"line":62,"column":0},"end":{"line":62,"column":5}},"62":{"start":{"line":63,"column":0},"end":{"line":63,"column":31}},"63":{"start":{"line":64,"column":0},"end":{"line":64,"column":36}},"64":{"start":{"line":65,"column":0},"end":{"line":65,"column":23}},"65":{"start":{"line":66,"column":0},"end":{"line":66,"column":5}},"66":{"start":{"line":67,"column":0},"end":{"line":67,"column":3}},"68":{"start":{"line":69,"column":0},"end":{"line":69,"column":33}},"69":{"start":{"line":70,"column":0},"end":{"line":70,"column":8}},"70":{"start":{"line":71,"column":0},"end":{"line":71,"column":28}},"71":{"start":{"line":72,"column":0},"end":{"line":72,"column":28}},"72":{"start":{"line":73,"column":0},"end":{"line":73,"column":28}},"73":{"start":{"line":74,"column":0},"end":{"line":74,"column":25}},"74":{"start":{"line":75,"column":0},"end":{"line":75,"column":7}},"75":{"start":{"line":76,"column":0},"end":{"line":76,"column":30}},"76":{"start":{"line":77,"column":0},"end":{"line":77,"column":30}},"77":{"start":{"line":78,"column":0},"end":{"line":78,"column":30}},"78":{"start":{"line":79,"column":0},"end":{"line":79,"column":30}},"79":{"start":{"line":80,"column":0},"end":{"line":80,"column":5}},"80":{"start":{"line":81,"column":0},"end":{"line":81,"column":3}},"82":{"start":{"line":83,"column":0},"end":{"line":83,"column":23}},"83":{"start":{"line":84,"column":0},"end":{"line":84,"column":26}},"84":{"start":{"line":85,"column":0},"end":{"line":85,"column":18}},"85":{"start":{"line":86,"column":0},"end":{"line":86,"column":19}},"86":{"start":{"line":87,"column":0},"end":{"line":87,"column":30}},"87":{"start":{"line":88,"column":0},"end":{"line":88,"column":34}},"88":{"start":{"line":89,"column":0},"end":{"line":89,"column":34}},"89":{"start":{"line":90,"column":0},"end":{"line":90,"column":34}},"90":{"start":{"line":91,"column":0},"end":{"line":91,"column":22}},"91":{"start":{"line":92,"column":0},"end":{"line":92,"column":3}},"92":{"start":{"line":93,"column":0},"end":{"line":93,"column":1}}},"s":{"0":1,"1":1,"3":1,"4":1,"5":1,"7":42,"8":42,"9":42,"10":42,"11":42,"12":42,"13":42,"15":1,"16":10,"18":10,"24":10,"25":10,"26":10,"27":10,"28":10,"33":10,"34":70,"35":70,"36":70,"41":10,"42":27,"43":27,"45":10,"46":18,"47":12,"48":12,"49":6,"50":6,"51":6,"52":6,"53":18,"54":42,"55":42,"56":42,"57":42,"58":42,"59":42,"60":42,"61":42,"62":6,"63":18,"64":48,"65":48,"66":18,"68":10,"69":6,"70":6,"71":0,"72":0,"73":0,"74":6,"75":0,"76":0,"77":0,"78":0,"79":0,"80":6,"82":10,"83":118,"84":118,"85":118,"86":118,"87":118,"88":118,"89":118,"90":118,"91":118,"92":10},"branchMap":{"0":{"type":"branch","line":8,"loc":{"start":{"line":8,"column":0},"end":{"line":14,"column":1}},"locations":[{"start":{"line":8,"column":0},"end":{"line":14,"column":1}}]},"1":{"type":"branch","line":16,"loc":{"start":{"line":16,"column":19},"end":{"line":93,"column":1}},"locations":[{"start":{"line":16,"column":19},"end":{"line":93,"column":1}}]},"2":{"type":"branch","line":25,"loc":{"start":{"line":25,"column":2},"end":{"line":29,"column":3}},"locations":[{"start":{"line":25,"column":2},"end":{"line":29,"column":3}}]},"3":{"type":"branch","line":34,"loc":{"start":{"line":34,"column":9},"end":{"line":37,"column":3}},"locations":[{"start":{"line":34,"column":9},"end":{"line":37,"column":3}}]},"4":{"type":"branch","line":42,"loc":{"start":{"line":42,"column":9},"end":{"line":44,"column":3}},"locations":[{"start":{"line":42,"column":9},"end":{"line":44,"column":3}}]},"5":{"type":"branch","line":46,"loc":{"start":{"line":46,"column":9},"end":{"line":67,"column":3}},"locations":[{"start":{"line":46,"column":9},"end":{"line":67,"column":3}}]},"6":{"type":"branch","line":47,"loc":{"start":{"line":47,"column":33},"end":{"line":49,"column":5}},"locations":[{"start":{"line":47,"column":33},"end":{"line":49,"column":5}}]},"7":{"type":"branch","line":49,"loc":{"start":{"line":49,"column":4},"end":{"line":54,"column":35}},"locations":[{"start":{"line":49,"column":4},"end":{"line":54,"column":35}}]},"8":{"type":"branch","line":54,"loc":{"start":{"line":54,"column":35},"end":{"line":62,"column":5}},"locations":[{"start":{"line":54,"column":35},"end":{"line":62,"column":5}}]},"9":{"type":"branch","line":62,"loc":{"start":{"line":62,"column":4},"end":{"line":64,"column":35}},"locations":[{"start":{"line":62,"column":4},"end":{"line":64,"column":35}}]},"10":{"type":"branch","line":64,"loc":{"start":{"line":64,"column":35},"end":{"line":66,"column":5}},"locations":[{"start":{"line":64,"column":35},"end":{"line":66,"column":5}}]},"11":{"type":"branch","line":66,"loc":{"start":{"line":66,"column":4},"end":{"line":66,"column":5}},"locations":[{"start":{"line":66,"column":4},"end":{"line":66,"column":5}}]},"12":{"type":"branch","line":69,"loc":{"start":{"line":69,"column":10},"end":{"line":81,"column":3}},"locations":[{"start":{"line":69,"column":10},"end":{"line":81,"column":3}}]},"13":{"type":"branch","line":71,"loc":{"start":{"line":71,"column":24},"end":{"line":72,"column":28}},"locations":[{"start":{"line":71,"column":24},"end":{"line":72,"column":28}}]},"14":{"type":"branch","line":72,"loc":{"start":{"line":72,"column":24},"end":{"line":73,"column":28}},"locations":[{"start":{"line":72,"column":24},"end":{"line":73,"column":28}}]},"15":{"type":"branch","line":73,"loc":{"start":{"line":73,"column":24},"end":{"line":74,"column":25}},"locations":[{"start":{"line":73,"column":24},"end":{"line":74,"column":25}}]},"16":{"type":"branch","line":75,"loc":{"start":{"line":75,"column":6},"end":{"line":80,"column":5}},"locations":[{"start":{"line":75,"column":6},"end":{"line":80,"column":5}}]},"17":{"type":"branch","line":83,"loc":{"start":{"line":83,"column":10},"end":{"line":92,"column":3}},"locations":[{"start":{"line":83,"column":10},"end":{"line":92,"column":3}}]}},"b":{"0":[42],"1":[10],"2":[10],"3":[70],"4":[27],"5":[18],"6":[12],"7":[6],"8":[42],"9":[6],"10":[48],"11":[6],"12":[6],"13":[0],"14":[0],"15":[0],"16":[0],"17":[118]},"fnMap":{"0":{"name":"multiplyUint32","decl":{"start":{"line":8,"column":0},"end":{"line":14,"column":1}},"loc":{"start":{"line":8,"column":0},"end":{"line":14,"column":1}},"line":8},"1":{"name":"<instance_members_initializer>","decl":{"start":{"line":16,"column":19},"end":{"line":93,"column":1}},"loc":{"start":{"line":16,"column":19},"end":{"line":93,"column":1}},"line":16},"2":{"name":"XSadd","decl":{"start":{"line":25,"column":2},"end":{"line":29,"column":3}},"loc":{"start":{"line":25,"column":2},"end":{"line":29,"column":3}},"line":25},"3":{"name":"getUint32","decl":{"start":{"line":34,"column":9},"end":{"line":37,"column":3}},"loc":{"start":{"line":34,"column":9},"end":{"line":37,"column":3}},"line":34},"4":{"name":"getFloat","decl":{"start":{"line":42,"column":9},"end":{"line":44,"column":3}},"loc":{"start":{"line":42,"column":9},"end":{"line":44,"column":3}},"line":42},"5":{"name":"init","decl":{"start":{"line":46,"column":9},"end":{"line":67,"column":3}},"loc":{"start":{"line":46,"column":9},"end":{"line":67,"column":3}},"line":46},"6":{"name":"periodCertification","decl":{"start":{"line":69,"column":10},"end":{"line":81,"column":3}},"loc":{"start":{"line":69,"column":10},"end":{"line":81,"column":3}},"line":69},"7":{"name":"nextState","decl":{"start":{"line":83,"column":10},"end":{"line":92,"column":3}},"loc":{"start":{"line":83,"column":10},"end":{"line":92,"column":3}},"line":83}},"f":{"0":42,"1":10,"2":10,"3":70,"4":27,"5":18,"6":6,"7":118}}
,"/Users/lpatiny/git/mljs/xsadd/src/index.ts": {"path":"/Users/lpatiny/git/mljs/xsadd/src/index.ts","all":false,"statementMap":{"0":{"start":{"line":1,"column":0},"end":{"line":1,"column":24}}},"s":{"0":1},"branchMap":{},"b":{},"fnMap":{},"f":{}}
}
